player -> (-1, -1)
id -> (0, 0)
; -> (-1, -1)
pass -> (-1, -1)
>> -> (-1, -1)
id -> (0, 0)
; -> (-1, -1)
cross -> (-1, -1)
( -> (-1, -1)
id -> (0, 0)
<= -> (-1, -1)
const -> (9, 0)
) -> (-1, -1)
const -> (18, 0)
; -> (-1, -1)
corner -> (-1, -1)
cross -> (-1, -1)
( -> (-1, -1)
id -> (0, 0)
== -> (-1, -1)
const -> (10, 0)
) -> (-1, -1)
fulltime -> (-1, -1)
const -> (9, 1)
; -> (-1, -1)
corner -> (-1, -1)
cross -> (-1, -1)
( -> (-1, -1)
id -> (0, 0)
% -> (-1, -1)
const -> (10, 0)
== -> (-1, -1)
const -> (8, 0)
) -> (-1, -1)
fulltime -> (-1, -1)
const -> (18, 0)
; -> (-1, -1)
dribble -> (-1, -1)
( -> (-1, -1)
player -> (-1, -1)
id -> (5, 0)
= -> (-1, -1)
; -> (-1, -1)
id -> (5, 0)
* -> (-1, -1)
id -> (5, 0)
<= -> (-1, -1)
id -> (0, 0)
; -> (-1, -1)
id -> (5, 0)
+= -> (-1, -1)
const -> (10, 0)
) -> (-1, -1)
cross -> (-1, -1)
( -> (-1, -1)
id -> (0, 0)
% -> (-1, -1)
id -> (5, 0)
== -> (-1, -1)
const -> (8, 0)
) -> (-1, -1)
fulltime -> (-1, -1)
const -> (18, 0)
; -> (-1, -1)
fulltime -> (-1, -1)
const -> (9, 1)
; -> (-1, -1)
